################################################################ Simulator Config,Value
Simulator Type,SUPERSCALAR
Fetch Instructions per Cycle,6
Decode Instructions per Cycle,6
Issue Instructions per Cycle,6
Commit Instructions per Cycle,6
Load/Store Units,1
Load/Store Reservation Station Size,8
Branch Units,1
Branch Reservation Station Size,8
ALU Units,4
ALU Reservation Station Size,16
Reorder Buffer Size,32
Branch Predictor,0
Time for Memory Access,3
################################################################ Analysis Field,Value
Executed Instructions,1945
Total Cycles,2836
Instructions per Cycle,0.69
Proportion of Program spent Waiting for Memory Access,0.18
Branch Prediction Accuracy,0.50
################################################################ Field, ProgramResult
Program Result,0

Main Memory : 

 0: 1  1: 0  2: 1  3: 0  4: 1  5: 0  6: 1  7: 0  8: 1  9: 0 10: 1 11: 0 12: 1 13: 0 14: 1 15: 0 16: 1 17: 0 18: 1 19: 0 
20: 1 21: 0 22: 1 23: 0 24: 1 25: 0 26: 1 27: 0 28: 1 29: 0 30: 1 31: 0 32: 1 33: 0 34: 1 35: 0 36: 1 37: 0 38: 1 39: 0 
40: 1 41: 0 42: 1 43: 0 44: 1 45: 0 46: 1 47: 0 48: 1 49: 0 50: 1 51: 0 52: 1 53: 0 54: 1 55: 0 56: 1 57: 0 58: 1 59: 0 
################################################################
