################################################################ Simulator Config,Value
Simulator Type,SUPERSCALAR
Fetch Instructions per Cycle,8
Decode Instructions per Cycle,8
Issue Instructions per Cycle,8
Commit Instructions per Cycle,8
Load/Store Units,2
Load/Store Reservation Station Size,8
Branch Units,2
Branch Reservation Station Size,8
ALU Units,4
ALU Reservation Station Size,16
Reorder Buffer Size,32
Branch Predictor,2
Time for Memory Access,3
################################################################ Analysis Field,Value
Instructions per Cycle,1.48
Proportion of Program spent Waiting for Memory Access,1.43
Branch Prediction Accuracy,0.95
################################################################ Field, ProgramResult
Program Result,0

Main Memory : 

 0: 1  1: 2  2: 3  3: 4  4: 5  5: 2  6: 3  7: 4  8: 5  9: 5 10: 9 11: 6 12: 5 13: 5 14: 5 15: 9 16: 6 17: 5 18: 5 19: 5 
10: 9 11: 6 12: 5 13: 5 14: 5 15: 9 16: 6 17: 5 18: 5 19: 5 20: 9 21: 6 22: 5 23: 5 24: 5 25: 9 26: 6 27: 5 28: 5 29: 5 
20: 9 21: 6 22: 5 23: 5 24: 5 25: 9 26: 6 27: 5 28: 5 29: 5 30: 9 31: 6 32: 5 33: 5 34: 5 35: 9 36: 6 37: 5 38: 5 39: 5 
################################################################
