################################################################ Simulator Config,Value
Simulator Type,SUPERSCALAR
Fetch Instructions per Cycle,6
Decode Instructions per Cycle,6
Issue Instructions per Cycle,6
Commit Instructions per Cycle,6
Load/Store Units,1
Load/Store Reservation Station Size,8
Branch Units,1
Branch Reservation Station Size,8
ALU Units,4
ALU Reservation Station Size,16
Reorder Buffer Size,32
Branch Predictor,2
Time for Memory Access,3
################################################################ Analysis Field,Value
Time Elapsed,0.04
Executed Instructions,1086
Total Cycles,1104
Instructions per Cycle,0.98
Instructions per Second,30987.84
Cycles spent Waiting for Memory Access,876
Proportion of Program spent Waiting for Memory Access,0.79
Branch Prediction Accuracy,0.90
################################################################ Field, ProgramResult
Program Result,0

Main Memory : 

 0: 0  1: 7  2: 6  3: 7  4: 6  5: 6  6: 10  7: 7  8: 35  9: 1 10: 0 11: 5 12: 6 13: 0 14: 18 15: 0 16: 0 17: 1 18: 0 19: 1 
10: 0 11: 5 12: 6 13: 0 14: 18 15: 0 16: 0 17: 1 18: 0 19: 1 20: 24 21: 1 22: 0 23: 1 24: 28 25: 0 26: 0 27: 1 28: 0 29: 0 
20: 24 21: 1 22: 0 23: 1 24: 28 25: 0 26: 0 27: 1 28: 0 29: 0 30: 0 31: 0 32: 0 33: 0 34: 0 35: 0 36: 0 37: 0 38: 0 39: 0 
################################################################
