################################################################ Simulator Config,Value
Simulator Type,SUPERSCALAR
Fetch Instructions per Cycle,6
Decode Instructions per Cycle,6
Issue Instructions per Cycle,6
Commit Instructions per Cycle,6
Load/Store Units,1
Load/Store Reservation Station Size,8
Branch Units,1
Branch Reservation Station Size,8
ALU Units,4
ALU Reservation Station Size,16
Reorder Buffer Size,32
Branch Predictor,3
Time for Memory Access,3
################################################################ Analysis Field,Value
Executed Instructions,53977
Total Cycles,24651
Instructions per Cycle,2.19
Proportion of Program spent Waiting for Memory Access,0.71
Branch Prediction Accuracy,0.82
################################################################ Field, ProgramResult
Program Result,16

Main Memory : 

 0: 8  1: 8  2: 8  3: 8  4: 0  5: 0  6: 0  7: 0  8: 8  9: 8 10: 8 11: 8 12: 0 13: 0 14: 0 15: 0 16: 8 17: 8 18: 8 19: 8 
20: 0 21: 0 22: 0 23: 0 24: 8 25: 8 26: 8 27: 8 28: 0 29: 0 30: 0 31: 0 32: 8 33: 8 34: 8 35: 8 36: 0 37: 0 38: 0 39: 0 
40: 8 41: 8 42: 8 43: 8 44: 0 45: 0 46: 0 47: 0 48: 8 49: 8 50: 8 51: 8 52: 0 53: 0 54: 0 55: 0 56: 8 57: 8 58: 8 59: 8 
################################################################
