################################################################ Simulator Config,Value
Simulator Type,SUPERSCALAR
Fetch Instructions per Cycle,8
Decode Instructions per Cycle,8
Issue Instructions per Cycle,8
Commit Instructions per Cycle,8
Load/Store Units,2
Load/Store Reservation Station Size,8
Branch Units,2
Branch Reservation Station Size,8
ALU Units,4
ALU Reservation Station Size,16
Reorder Buffer Size,32
Branch Predictor,3
Time for Memory Access,3
################################################################ Analysis Field,Value
Executed Instructions,139549
Total Cycles,48873
Instructions per Cycle,2.86
Proportion of Program spent Waiting for Memory Access,1.38
Branch Prediction Accuracy,0.94
################################################################ Field, ProgramResult
Program Result,16

Main Memory : 

 0: 1006800883  1: 1020590008  2: 1033775074  3: 1044164910  4: 1051005965  5: 1054079728  6: 1054081666  7: 1051025840  8: 1044436550  9: 1036461773 10: 1036461178 11: 1044432301 12: 1051005516 13: 1053941850 14: 1053386328 15: 1048512861 16: 1020590010 17: 1031474246 18: 1041315888 19: 1050433154 
20: 1057233525 21: 1059576225 22: 1059577602 23: 1057248095 24: 1050637712 25: 1043380979 26: 1043380542 27: 1050634390 28: 1057231510 29: 1059461008 30: 1058994356 31: 1053386328 32: 1033775074 33: 1041315888 34: 1047072243 35: 1052907714 36: 1058144776 37: 1060267132 38: 1060268522 39: 1058159591 
40: 1053118016 41: 1048899938 42: 1048899564 43: 1053112537 44: 1058133688 45: 1060096998 46: 1059461008 47: 1053941850 48: 1044164907 49: 1050433154 50: 1052907714 51: 1055371227 52: 1057532122 53: 1058417109 54: 1058418191 55: 1057543759 56: 1055539301 57: 1053790221 58: 1053789214 59: 1055527091 
################################################################
