################################################################ Simulator Config,Value
Simulator Type,SUPERSCALAR
Fetch Instructions per Cycle,8
Decode Instructions per Cycle,8
Issue Instructions per Cycle,8
Commit Instructions per Cycle,8
Load/Store Units,2
Load/Store Reservation Station Size,8
Branch Units,2
Branch Reservation Station Size,8
ALU Units,4
ALU Reservation Station Size,16
Reorder Buffer Size,32
Time for Memory Access,3
################################################################ Analysis Field,Value
Time Elapsed,4.87
Executed Instructions,440219
Total Cycles,200576
Instructions per Cycle,2.19
Instructions per Second,90460.60
Cycles spent Waiting for Memory Access,135920
Proportion of Program spent Waiting for Memory Access,0.68
Branch Prediction Accuracy,0.75
################################################################ Field, ProgramResult
Program Result,16

Main Memory : 

 0: 997162003  1: 1015285678  2: 1033456970  3: 1044148817  4: 1051005142  5: 1054079675  6: 1054081664  7: 1051025840  8: 1044436550  9: 1036461773 10: 1036461178 11: 1044432301 12: 1051005516 13: 1053941850 14: 1053386328 15: 1048512861 16: 1020093184 17: 1030815819 18: 1041283507 19: 1050430693 
10: 1036461178 11: 1044432301 12: 1051005516 13: 1053941850 14: 1053386328 15: 1048512861 16: 1020093184 17: 1030815819 18: 1041283507 19: 1050430693 20: 1057233419 21: 1059576218 22: 1059577602 23: 1057248095 24: 1050637712 25: 1043380979 26: 1043380542 27: 1050634390 28: 1057231510 29: 1059461008 
20: 1057233419 21: 1059576218 22: 1059577602 23: 1057248095 24: 1050637712 25: 1043380979 26: 1043380542 27: 1050634390 28: 1057231510 29: 1059461008 30: 1058994356 31: 1053386328 32: 1033760662 33: 1041298871 34: 1047067277 35: 1052907390 36: 1058144762 37: 1060267132 38: 1060268522 39: 1058159591 
################################################################
