################################################################ Simulator Config,Value
Simulator Type,SUPERSCALAR
Fetch Instructions per Cycle,6
Decode Instructions per Cycle,6
Issue Instructions per Cycle,6
Commit Instructions per Cycle,6
Load/Store Units,1
Load/Store Reservation Station Size,8
Branch Units,1
Branch Reservation Station Size,8
ALU Units,4
ALU Reservation Station Size,16
Reorder Buffer Size,32
Branch Predictor,1
Time for Memory Access,3
################################################################ Analysis Field,Value
Executed Instructions,350319
Total Cycles,237937
Instructions per Cycle,1.47
Proportion of Program spent Waiting for Memory Access,0.51
Branch Prediction Accuracy,0.25
################################################################ Field, ProgramResult
Program Result,16

Main Memory : 

 0: 1001530122  1: 1020283629  2: 1033769496  3: 1044164682  4: 1051005960  5: 1054079726  6: 1054081666  7: 1051025840  8: 1044436550  9: 1036461773 10: 1036461178 11: 1044432301 12: 1051005516 13: 1053941850 14: 1053386328 15: 1048512861 16: 1020283629 17: 1031452005 18: 1041315205 19: 1050433136 
20: 1057233525 21: 1059576225 22: 1059577602 23: 1057248095 24: 1050637712 25: 1043380979 26: 1043380542 27: 1050634390 28: 1057231510 29: 1059461008 30: 1058994356 31: 1053386328 32: 1033769494 33: 1041315202 34: 1047072189 35: 1052907711 36: 1058144776 37: 1060267132 38: 1060268522 39: 1058159591 
40: 1053118016 41: 1048899938 42: 1048899564 43: 1053112537 44: 1058133688 45: 1060096998 46: 1059461008 47: 1053941850 48: 1044164680 49: 1050433134 50: 1052907712 51: 1055371227 52: 1057532122 53: 1058417109 54: 1058418191 55: 1057543759 56: 1055539301 57: 1053790221 58: 1053789214 59: 1055527091 
################################################################
